<?xml version="1.0" encoding="UTF-8"?>
<!-- Generated by org.testng.reporters.JUnitReportReporter -->
<testsuite skipped="0" hostname="ashwinpc" name="com.test.TestClass" tests="9" failures="0" timestamp="2021-09-20T20:29:44 IST" time="127.997" errors="0">
  <testcase name="tC1" time="12.175" classname="com.test.TestClass"/>
  <system-out/>
  <testcase name="tC1" time="14.891" classname="com.test.TestClass"/>
  <system-out/>
  <testcase name="tC1" time="11.942" classname="com.test.TestClass"/>
  <system-out/>
  <testcase name="tC1" time="11.746" classname="com.test.TestClass"/>
  <system-out/>
  <testcase name="tC1" time="19.779" classname="com.test.TestClass"/>
  <system-out/>
  <testcase name="tC1" time="17.838" classname="com.test.TestClass"/>
  <system-out/>
  <testcase name="tC1" time="14.820" classname="com.test.TestClass"/>
  <system-out/>
  <testcase name="tC1" time="12.554" classname="com.test.TestClass"/>
  <system-out/>
  <testcase name="tC1" time="12.252" classname="com.test.TestClass"/>
  <system-out/>
</testsuite> <!-- com.test.TestClass -->
