<?xml version="1.0" encoding="UTF-8"?>
<!-- Generated by org.testng.reporters.JUnitReportReporter -->
<testsuite skipped="0" hostname="ashwinpc" name="com.test.SampleProg" tests="4" failures="0" timestamp="2021-09-20T20:49:51 IST" time="6.950" errors="0">
  <testcase name="tC0" time="1.858" classname="com.test.SampleProg"/>
  <system-out/>
  <testcase name="tC2" time="1.182" classname="com.test.SampleProg"/>
  <system-out/>
  <testcase name="tC1" time="2.302" classname="com.test.SampleProg"/>
  <system-out/>
  <testcase name="tC3" time="1.608" classname="com.test.SampleProg"/>
  <system-out/>
</testsuite> <!-- com.test.SampleProg -->
