<?xml version="1.0" encoding="UTF-8"?>
<!-- Generated by org.testng.reporters.JUnitReportReporter -->
<testsuite skipped="0" hostname="ashwinpc" name="com.tes.ParallelExec3" tests="1" failures="0" timestamp="2021-09-20T22:52:05 IST" time="14.833" errors="0">
  <testcase name="tc10" time="14.833" classname="com.tes.ParallelExec3"/>
  <system-out/>
</testsuite> <!-- com.tes.ParallelExec3 -->
