<?xml version="1.0" encoding="UTF-8"?>
<!-- Generated by org.testng.reporters.JUnitReportReporter -->
<testsuite skipped="0" hostname="ashwinpc" name="com.tes.ParallelExec2" tests="2" failures="0" timestamp="2021-09-20T22:52:05 IST" time="14.234" errors="0">
  <testcase name="tc12" time="1.490" classname="com.tes.ParallelExec2"/>
  <system-out/>
  <testcase name="tc11" time="12.744" classname="com.tes.ParallelExec2"/>
  <system-out/>
</testsuite> <!-- com.tes.ParallelExec2 -->
